0 info it worked if it ends with ok
1 verbose cli [ '/Users/Weil/.nvm/versions/node/v4.2.2/bin/node',
1 verbose cli   '/Users/Weil/.nvm/versions/node/v4.2.2/bin/npm',
1 verbose cli   'run',
1 verbose cli   'starty' ]
2 info using npm@3.10.2
3 info using node@v4.2.2
4 verbose stack Error: missing script: starty
4 verbose stack     at run (/Users/Weil/.nvm/versions/node/v4.2.2/lib/node_modules/npm/lib/run-script.js:151:19)
4 verbose stack     at /Users/Weil/.nvm/versions/node/v4.2.2/lib/node_modules/npm/lib/run-script.js:61:5
4 verbose stack     at /Users/Weil/.nvm/versions/node/v4.2.2/lib/node_modules/npm/node_modules/read-package-json/read-json.js:356:5
4 verbose stack     at checkBinReferences_ (/Users/Weil/.nvm/versions/node/v4.2.2/lib/node_modules/npm/node_modules/read-package-json/read-json.js:320:45)
4 verbose stack     at final (/Users/Weil/.nvm/versions/node/v4.2.2/lib/node_modules/npm/node_modules/read-package-json/read-json.js:354:3)
4 verbose stack     at then (/Users/Weil/.nvm/versions/node/v4.2.2/lib/node_modules/npm/node_modules/read-package-json/read-json.js:124:5)
4 verbose stack     at ReadFileContext.<anonymous> (/Users/Weil/.nvm/versions/node/v4.2.2/lib/node_modules/npm/node_modules/read-package-json/read-json.js:295:20)
4 verbose stack     at ReadFileContext.callback (/Users/Weil/.nvm/versions/node/v4.2.2/lib/node_modules/npm/node_modules/graceful-fs/graceful-fs.js:78:16)
4 verbose stack     at FSReqWrap.readFileAfterOpen [as oncomplete] (fs.js:303:13)
5 verbose cwd /Users/Weil/projects/zf-js/9.3.co库与async函数
6 error Darwin 15.5.0
7 error argv "/Users/Weil/.nvm/versions/node/v4.2.2/bin/node" "/Users/Weil/.nvm/versions/node/v4.2.2/bin/npm" "run" "starty"
8 error node v4.2.2
9 error npm  v3.10.2
10 error missing script: starty
11 error If you need help, you may report this error at:
11 error     <https://github.com/npm/npm/issues>
12 verbose exit [ 1, true ]
